24-Nov-2023 00:10:34.537 INFOS [Catalina-utility-2] org.apache.catalina.startup.HostConfig.deployWAR Déploiement de l'archive [/home/hagimont/install/apache-tomcat-9.0.60/webapps/marks.war] de l'application web
24-Nov-2023 00:10:34.630 INFOS [Catalina-utility-2] org.apache.jasper.servlet.TldScanner.scanJars Au moins un fichier JAR a été analysé pour trouver des TLDs mais il n'en contenait pas, le mode "debug" du journal peut être activé pour obtenir une liste complète de JAR scannés sans succès ; éviter d'analyser des JARs inutilement peut améliorer sensiblement le temps de démarrage et le temps de compilation des JSPs
24-Nov-2023 00:10:34.631 INFOS [Catalina-utility-2] org.apache.catalina.startup.HostConfig.deployWAR Le déploiement de l'archive de l'application web [/home/hagimont/install/apache-tomcat-9.0.60/webapps/marks.war] s'est terminé en [94] ms
24-Nov-2023 00:16:03.235 INFOS [main] org.apache.catalina.core.StandardServer.await Une commande d'arrêt valide a été reçue sur le port d'arrêt, arrêt de l'instance du serveur
24-Nov-2023 00:16:03.236 INFOS [main] org.apache.coyote.AbstractProtocol.pause Le gestionnaire de protocole ["http-nio-8080"] est mis en pause
24-Nov-2023 00:16:03.238 INFOS [main] org.apache.catalina.core.StandardService.stopInternal Arrêt du service [Catalina]
24-Nov-2023 00:16:03.260 INFOS [main] org.apache.coyote.AbstractProtocol.stop Arrêt du gestionnaire de protocole ["http-nio-8080"]
24-Nov-2023 00:16:03.273 INFOS [main] org.apache.coyote.AbstractProtocol.destroy Destruction du gestionnaire de protocole ["http-nio-8080"]
24-Nov-2023 00:16:46.651 INFOS [main] org.apache.catalina.startup.VersionLoggerListener.log Nom version serveur :              Apache Tomcat/9.0.60
24-Nov-2023 00:16:46.653 INFOS [main] org.apache.catalina.startup.VersionLoggerListener.log Serveur compilé :                  Mar 9 2022 14:52:25 UTC
24-Nov-2023 00:16:46.653 INFOS [main] org.apache.catalina.startup.VersionLoggerListener.log Version du serveur :               9.0.60.0
24-Nov-2023 00:16:46.653 INFOS [main] org.apache.catalina.startup.VersionLoggerListener.log Nom de l'OS :                      Linux
24-Nov-2023 00:16:46.653 INFOS [main] org.apache.catalina.startup.VersionLoggerListener.log Version OS :                       6.2.0-36-generic
24-Nov-2023 00:16:46.653 INFOS [main] org.apache.catalina.startup.VersionLoggerListener.log Architecture :                     amd64
24-Nov-2023 00:16:46.653 INFOS [main] org.apache.catalina.startup.VersionLoggerListener.log Java Home :                        /home/hagimont/bigdata/jdk1.8.0_202/jre
24-Nov-2023 00:16:46.653 INFOS [main] org.apache.catalina.startup.VersionLoggerListener.log Version JVM :                      1.8.0_202-b08
24-Nov-2023 00:16:46.653 INFOS [main] org.apache.catalina.startup.VersionLoggerListener.log Fournisseur de la JVM :            Oracle Corporation
24-Nov-2023 00:16:46.653 INFOS [main] org.apache.catalina.startup.VersionLoggerListener.log CATALINA_BASE :                    /home/hagimont/install/apache-tomcat-9.0.60
24-Nov-2023 00:16:46.653 INFOS [main] org.apache.catalina.startup.VersionLoggerListener.log CATALINA_HOME :                    /home/hagimont/install/apache-tomcat-9.0.60
24-Nov-2023 00:16:46.654 INFOS [main] org.apache.catalina.startup.VersionLoggerListener.log Argument de la ligne de commande : -Djava.util.logging.config.file=/home/hagimont/install/apache-tomcat-9.0.60/conf/logging.properties
24-Nov-2023 00:16:46.654 INFOS [main] org.apache.catalina.startup.VersionLoggerListener.log Argument de la ligne de commande : -Djava.util.logging.manager=org.apache.juli.ClassLoaderLogManager
24-Nov-2023 00:16:46.654 INFOS [main] org.apache.catalina.startup.VersionLoggerListener.log Argument de la ligne de commande : -Djdk.tls.ephemeralDHKeySize=2048
24-Nov-2023 00:16:46.654 INFOS [main] org.apache.catalina.startup.VersionLoggerListener.log Argument de la ligne de commande : -Djava.protocol.handler.pkgs=org.apache.catalina.webresources
24-Nov-2023 00:16:46.654 INFOS [main] org.apache.catalina.startup.VersionLoggerListener.log Argument de la ligne de commande : -Dorg.apache.catalina.security.SecurityListener.UMASK=0027
24-Nov-2023 00:16:46.654 INFOS [main] org.apache.catalina.startup.VersionLoggerListener.log Argument de la ligne de commande : -Dignore.endorsed.dirs=
24-Nov-2023 00:16:46.654 INFOS [main] org.apache.catalina.startup.VersionLoggerListener.log Argument de la ligne de commande : -Dcatalina.base=/home/hagimont/install/apache-tomcat-9.0.60
24-Nov-2023 00:16:46.654 INFOS [main] org.apache.catalina.startup.VersionLoggerListener.log Argument de la ligne de commande : -Dcatalina.home=/home/hagimont/install/apache-tomcat-9.0.60
24-Nov-2023 00:16:46.654 INFOS [main] org.apache.catalina.startup.VersionLoggerListener.log Argument de la ligne de commande : -Djava.io.tmpdir=/home/hagimont/install/apache-tomcat-9.0.60/temp
24-Nov-2023 00:16:46.656 INFOS [main] org.apache.catalina.core.AprLifecycleListener.lifecycleEvent La librairie Apache Tomcat Native basée sur APR qui permet des performances optimales dans les environnements de production n'a pas été trouvée sur le java.library.path : [/usr/java/packages/lib/amd64:/usr/lib64:/lib64:/lib:/usr/lib]
24-Nov-2023 00:16:46.973 INFOS [main] org.apache.coyote.AbstractProtocol.init Initialisation du gestionnaire de protocole ["http-nio-8080"]
24-Nov-2023 00:16:46.993 INFOS [main] org.apache.catalina.startup.Catalina.load L'initialisation du serveur a pris [485] millisecondes
24-Nov-2023 00:16:47.013 INFOS [main] org.apache.catalina.core.StandardService.startInternal Démarrage du service [Catalina]
24-Nov-2023 00:16:47.013 INFOS [main] org.apache.catalina.core.StandardEngine.startInternal Démarrage du moteur de Servlets : [Apache Tomcat/9.0.60]
24-Nov-2023 00:16:47.031 INFOS [main] org.apache.catalina.startup.HostConfig.deployWAR Déploiement de l'archive [/home/hagimont/install/apache-tomcat-9.0.60/webapps/students-server.war] de l'application web
24-Nov-2023 00:16:47.501 INFOS [main] org.apache.jasper.servlet.TldScanner.scanJars Au moins un fichier JAR a été analysé pour trouver des TLDs mais il n'en contenait pas, le mode "debug" du journal peut être activé pour obtenir une liste complète de JAR scannés sans succès ; éviter d'analyser des JARs inutilement peut améliorer sensiblement le temps de démarrage et le temps de compilation des JSPs
24-Nov-2023 00:16:47.524 INFOS [main] org.apache.catalina.startup.HostConfig.deployWAR Le déploiement de l'archive de l'application web [/home/hagimont/install/apache-tomcat-9.0.60/webapps/students-server.war] s'est terminé en [493] ms
24-Nov-2023 00:16:47.525 INFOS [main] org.apache.catalina.startup.HostConfig.deployWAR Déploiement de l'archive [/home/hagimont/install/apache-tomcat-9.0.60/webapps/marks.war] de l'application web
24-Nov-2023 00:16:47.714 INFOS [main] org.apache.jasper.servlet.TldScanner.scanJars Au moins un fichier JAR a été analysé pour trouver des TLDs mais il n'en contenait pas, le mode "debug" du journal peut être activé pour obtenir une liste complète de JAR scannés sans succès ; éviter d'analyser des JARs inutilement peut améliorer sensiblement le temps de démarrage et le temps de compilation des JSPs
24-Nov-2023 00:16:47.716 INFOS [main] org.apache.catalina.startup.HostConfig.deployWAR Le déploiement de l'archive de l'application web [/home/hagimont/install/apache-tomcat-9.0.60/webapps/marks.war] s'est terminé en [191] ms
24-Nov-2023 00:16:47.717 INFOS [main] org.apache.catalina.startup.HostConfig.deployDirectory Déploiement du répertoire d'application web [/home/hagimont/install/apache-tomcat-9.0.60/webapps/host-manager]
24-Nov-2023 00:16:47.991 INFOS [main] org.apache.jasper.servlet.TldScanner.scanJars Au moins un fichier JAR a été analysé pour trouver des TLDs mais il n'en contenait pas, le mode "debug" du journal peut être activé pour obtenir une liste complète de JAR scannés sans succès ; éviter d'analyser des JARs inutilement peut améliorer sensiblement le temps de démarrage et le temps de compilation des JSPs
24-Nov-2023 00:16:48.000 INFOS [main] org.apache.catalina.startup.HostConfig.deployDirectory Le déploiement du répertoire [/home/hagimont/install/apache-tomcat-9.0.60/webapps/host-manager] de l'application web s'est terminé en [282] ms
24-Nov-2023 00:16:48.000 INFOS [main] org.apache.catalina.startup.HostConfig.deployDirectory Déploiement du répertoire d'application web [/home/hagimont/install/apache-tomcat-9.0.60/webapps/ROOT]
24-Nov-2023 00:16:48.235 INFOS [main] org.apache.jasper.servlet.TldScanner.scanJars Au moins un fichier JAR a été analysé pour trouver des TLDs mais il n'en contenait pas, le mode "debug" du journal peut être activé pour obtenir une liste complète de JAR scannés sans succès ; éviter d'analyser des JARs inutilement peut améliorer sensiblement le temps de démarrage et le temps de compilation des JSPs
24-Nov-2023 00:16:48.237 INFOS [main] org.apache.catalina.startup.HostConfig.deployDirectory Le déploiement du répertoire [/home/hagimont/install/apache-tomcat-9.0.60/webapps/ROOT] de l'application web s'est terminé en [237] ms
24-Nov-2023 00:16:48.238 INFOS [main] org.apache.catalina.startup.HostConfig.deployDirectory Déploiement du répertoire d'application web [/home/hagimont/install/apache-tomcat-9.0.60/webapps/docs]
24-Nov-2023 00:16:48.483 INFOS [main] org.apache.jasper.servlet.TldScanner.scanJars Au moins un fichier JAR a été analysé pour trouver des TLDs mais il n'en contenait pas, le mode "debug" du journal peut être activé pour obtenir une liste complète de JAR scannés sans succès ; éviter d'analyser des JARs inutilement peut améliorer sensiblement le temps de démarrage et le temps de compilation des JSPs
24-Nov-2023 00:16:48.486 INFOS [main] org.apache.catalina.startup.HostConfig.deployDirectory Le déploiement du répertoire [/home/hagimont/install/apache-tomcat-9.0.60/webapps/docs] de l'application web s'est terminé en [248] ms
24-Nov-2023 00:16:48.486 INFOS [main] org.apache.catalina.startup.HostConfig.deployDirectory Déploiement du répertoire d'application web [/home/hagimont/install/apache-tomcat-9.0.60/webapps/examples]
24-Nov-2023 00:16:48.954 INFOS [main] org.apache.jasper.servlet.TldScanner.scanJars Au moins un fichier JAR a été analysé pour trouver des TLDs mais il n'en contenait pas, le mode "debug" du journal peut être activé pour obtenir une liste complète de JAR scannés sans succès ; éviter d'analyser des JARs inutilement peut améliorer sensiblement le temps de démarrage et le temps de compilation des JSPs
24-Nov-2023 00:16:48.971 INFOS [main] org.apache.catalina.startup.HostConfig.deployDirectory Le déploiement du répertoire [/home/hagimont/install/apache-tomcat-9.0.60/webapps/examples] de l'application web s'est terminé en [485] ms
24-Nov-2023 00:16:48.972 INFOS [main] org.apache.catalina.startup.HostConfig.deployDirectory Déploiement du répertoire d'application web [/home/hagimont/install/apache-tomcat-9.0.60/webapps/manager]
24-Nov-2023 00:16:49.299 INFOS [main] org.apache.jasper.servlet.TldScanner.scanJars Au moins un fichier JAR a été analysé pour trouver des TLDs mais il n'en contenait pas, le mode "debug" du journal peut être activé pour obtenir une liste complète de JAR scannés sans succès ; éviter d'analyser des JARs inutilement peut améliorer sensiblement le temps de démarrage et le temps de compilation des JSPs
24-Nov-2023 00:16:49.302 INFOS [main] org.apache.catalina.startup.HostConfig.deployDirectory Le déploiement du répertoire [/home/hagimont/install/apache-tomcat-9.0.60/webapps/manager] de l'application web s'est terminé en [330] ms
24-Nov-2023 00:16:49.308 INFOS [main] org.apache.coyote.AbstractProtocol.start Démarrage du gestionnaire de protocole ["http-nio-8080"]
24-Nov-2023 00:16:49.329 INFOS [main] org.apache.catalina.startup.Catalina.start Le démarrage du serveur a pris [2336] millisecondes
24-Nov-2023 00:17:09.317 INFOS [Catalina-utility-2] org.apache.catalina.startup.HostConfig.deployWAR Déploiement de l'archive [/home/hagimont/install/apache-tomcat-9.0.60/webapps/students-soap.war] de l'application web
24-Nov-2023 00:17:09.663 INFOS [Catalina-utility-2] org.apache.jasper.servlet.TldScanner.scanJars Au moins un fichier JAR a été analysé pour trouver des TLDs mais il n'en contenait pas, le mode "debug" du journal peut être activé pour obtenir une liste complète de JAR scannés sans succès ; éviter d'analyser des JARs inutilement peut améliorer sensiblement le temps de démarrage et le temps de compilation des JSPs
24-Nov-2023 00:17:09.776 AVERTISSEMENT [Catalina-utility-2] org.apache.axis.utils.JavaUtils.isAttachmentSupported Unable to find required classes (javax.activation.DataHandler and javax.mail.internet.MimeMultipart). Attachment support is disabled.
24-Nov-2023 00:17:09.923 INFOS [Catalina-utility-2] org.apache.catalina.startup.HostConfig.deployWAR Le déploiement de l'archive de l'application web [/home/hagimont/install/apache-tomcat-9.0.60/webapps/students-soap.war] s'est terminé en [606] ms
24-Nov-2023 00:18:26.759 INFOS [http-nio-8080-exec-2] org.jboss.resteasy.spi.ResteasyDeployment. Deploying javax.ws.rs.core.Application: class pack.RestApp
24-Nov-2023 00:18:26.761 INFOS [http-nio-8080-exec-2] org.jboss.resteasy.spi.ResteasyDeployment. Adding singleton resource pack.Students from Application class pack.RestApp
24-Nov-2023 00:19:52.891 INFOS [main] org.apache.catalina.core.StandardServer.await Une commande d'arrêt valide a été reçue sur le port d'arrêt, arrêt de l'instance du serveur
24-Nov-2023 00:19:52.892 INFOS [main] org.apache.coyote.AbstractProtocol.pause Le gestionnaire de protocole ["http-nio-8080"] est mis en pause
24-Nov-2023 00:19:52.894 INFOS [main] org.apache.catalina.core.StandardService.stopInternal Arrêt du service [Catalina]
24-Nov-2023 00:19:52.915 INFOS [main] org.apache.coyote.AbstractProtocol.stop Arrêt du gestionnaire de protocole ["http-nio-8080"]
24-Nov-2023 00:19:52.930 INFOS [main] org.apache.coyote.AbstractProtocol.destroy Destruction du gestionnaire de protocole ["http-nio-8080"]
