05-Dec-2023 14:25:01.253 INFO [main] org.apache.catalina.core.ApplicationContext.log ContextListener: contextInitialized()
05-Dec-2023 14:25:01.253 INFO [main] org.apache.catalina.core.ApplicationContext.log SessionListener: contextInitialized()
05-Dec-2023 14:25:01.255 INFO [main] org.apache.catalina.core.ApplicationContext.log ContextListener: attributeAdded('StockTicker', 'async.Stockticker@5683a326')
05-Dec-2023 14:26:10.112 INFO [main] org.apache.catalina.core.ApplicationContext.log ContextListener: contextInitialized()
05-Dec-2023 14:26:10.112 INFO [main] org.apache.catalina.core.ApplicationContext.log SessionListener: contextInitialized()
05-Dec-2023 14:26:10.113 INFO [main] org.apache.catalina.core.ApplicationContext.log ContextListener: attributeAdded('StockTicker', 'async.Stockticker@1724c649')
05-Dec-2023 14:26:10.541 INFO [main] org.apache.catalina.core.ApplicationContext.log SessionListener: contextDestroyed()
05-Dec-2023 14:26:10.541 INFO [main] org.apache.catalina.core.ApplicationContext.log ContextListener: contextDestroyed()
05-Dec-2023 14:26:11.575 INFO [main] org.apache.catalina.core.ApplicationContext.log SessionListener: contextDestroyed()
05-Dec-2023 14:26:11.575 INFO [main] org.apache.catalina.core.ApplicationContext.log ContextListener: contextDestroyed()
05-Dec-2023 14:26:24.765 INFO [main] org.apache.catalina.core.ApplicationContext.log ContextListener: contextInitialized()
05-Dec-2023 14:26:24.765 INFO [main] org.apache.catalina.core.ApplicationContext.log SessionListener: contextInitialized()
05-Dec-2023 14:26:24.766 INFO [main] org.apache.catalina.core.ApplicationContext.log ContextListener: attributeAdded('StockTicker', 'async.Stockticker@57be28d1')
05-Dec-2023 14:30:41.001 INFO [main] org.apache.catalina.core.ApplicationContext.log ContextListener: contextInitialized()
05-Dec-2023 14:30:41.001 INFO [main] org.apache.catalina.core.ApplicationContext.log SessionListener: contextInitialized()
05-Dec-2023 14:30:41.002 INFO [main] org.apache.catalina.core.ApplicationContext.log ContextListener: attributeAdded('StockTicker', 'async.Stockticker@68fce3e5')
05-Dec-2023 14:30:41.560 INFO [main] org.apache.catalina.core.ApplicationContext.log SessionListener: contextDestroyed()
05-Dec-2023 14:30:41.560 INFO [main] org.apache.catalina.core.ApplicationContext.log ContextListener: contextDestroyed()
05-Dec-2023 14:31:49.596 INFO [main] org.apache.catalina.core.ApplicationContext.log ContextListener: contextInitialized()
05-Dec-2023 14:31:49.596 INFO [main] org.apache.catalina.core.ApplicationContext.log SessionListener: contextInitialized()
05-Dec-2023 14:31:49.597 INFO [main] org.apache.catalina.core.ApplicationContext.log ContextListener: attributeAdded('StockTicker', 'async.Stockticker@1d0ac379')
05-Dec-2023 14:31:50.194 INFO [main] org.apache.catalina.core.ApplicationContext.log SessionListener: contextDestroyed()
05-Dec-2023 14:31:50.194 INFO [main] org.apache.catalina.core.ApplicationContext.log ContextListener: contextDestroyed()
05-Dec-2023 14:34:13.903 INFO [main] org.apache.catalina.core.ApplicationContext.log ContextListener: contextInitialized()
05-Dec-2023 14:34:13.903 INFO [main] org.apache.catalina.core.ApplicationContext.log SessionListener: contextInitialized()
05-Dec-2023 14:34:13.904 INFO [main] org.apache.catalina.core.ApplicationContext.log ContextListener: attributeAdded('StockTicker', 'async.Stockticker@68fce3e5')
05-Dec-2023 14:34:14.428 INFO [main] org.apache.catalina.core.ApplicationContext.log SessionListener: contextDestroyed()
05-Dec-2023 14:34:14.428 INFO [main] org.apache.catalina.core.ApplicationContext.log ContextListener: contextDestroyed()
05-Dec-2023 14:37:24.821 INFO [main] org.apache.catalina.core.ApplicationContext.log ContextListener: contextInitialized()
05-Dec-2023 14:37:24.821 INFO [main] org.apache.catalina.core.ApplicationContext.log SessionListener: contextInitialized()
05-Dec-2023 14:37:24.822 INFO [main] org.apache.catalina.core.ApplicationContext.log ContextListener: attributeAdded('StockTicker', 'async.Stockticker@59f59a0a')
05-Dec-2023 14:37:25.375 INFO [main] org.apache.catalina.core.ApplicationContext.log SessionListener: contextDestroyed()
05-Dec-2023 14:37:25.375 INFO [main] org.apache.catalina.core.ApplicationContext.log ContextListener: contextDestroyed()
05-Dec-2023 14:42:28.074 INFO [Catalina-utility-2] org.apache.catalina.core.ApplicationContext.log SessionListener: contextDestroyed()
05-Dec-2023 14:42:28.074 INFO [Catalina-utility-2] org.apache.catalina.core.ApplicationContext.log ContextListener: contextDestroyed()
05-Dec-2023 14:44:54.792 INFO [main] org.apache.catalina.core.ApplicationContext.log ContextListener: contextInitialized()
05-Dec-2023 14:44:54.792 INFO [main] org.apache.catalina.core.ApplicationContext.log SessionListener: contextInitialized()
05-Dec-2023 14:44:54.793 INFO [main] org.apache.catalina.core.ApplicationContext.log ContextListener: attributeAdded('StockTicker', 'async.Stockticker@6adee80f')
05-Dec-2023 14:44:55.294 INFO [main] org.apache.catalina.core.ApplicationContext.log SessionListener: contextDestroyed()
05-Dec-2023 14:44:55.294 INFO [main] org.apache.catalina.core.ApplicationContext.log ContextListener: contextDestroyed()
05-Dec-2023 14:52:21.801 INFO [main] org.apache.catalina.core.ApplicationContext.log ContextListener: contextInitialized()
05-Dec-2023 14:52:21.802 INFO [main] org.apache.catalina.core.ApplicationContext.log SessionListener: contextInitialized()
05-Dec-2023 14:52:21.803 INFO [main] org.apache.catalina.core.ApplicationContext.log ContextListener: attributeAdded('StockTicker', 'async.Stockticker@400cb9ef')
05-Dec-2023 14:53:06.045 SEVERE [http-nio-8080-exec-5] org.apache.catalina.core.StandardWrapperValve.invoke Servlet.service() for servlet [resteasy-servlet] in context with path [/students-server] threw exception [Servlet execution threw an exception] with root cause
	java.lang.ClassNotFoundException: javax.xml.bind.annotation.XmlElement
		at java.base/java.net.URLClassLoader.findClass(URLClassLoader.java:445)
		at java.base/java.lang.ClassLoader.loadClass(ClassLoader.java:588)
		at java.base/java.lang.ClassLoader.loadClass(ClassLoader.java:521)
		at org.codehaus.jackson.xc.JaxbAnnotationIntrospector.<init>(JaxbAnnotationIntrospector.java:80)
		at java.base/jdk.internal.reflect.DirectConstructorHandleAccessor.newInstance(DirectConstructorHandleAccessor.java:67)
		at java.base/java.lang.reflect.Constructor.newInstanceWithCaller(Constructor.java:499)
		at java.base/java.lang.reflect.ReflectAccess.newInstance(ReflectAccess.java:128)
		at java.base/jdk.internal.reflect.ReflectionFactory.newInstance(ReflectionFactory.java:341)
		at java.base/java.lang.Class.newInstance(Class.java:677)
		at org.codehaus.jackson.jaxrs.MapperConfigurator._resolveIntrospector(MapperConfigurator.java:173)
		at org.codehaus.jackson.jaxrs.MapperConfigurator._resolveIntrospectors(MapperConfigurator.java:146)
		at org.codehaus.jackson.jaxrs.MapperConfigurator._setAnnotations(MapperConfigurator.java:133)
		at org.codehaus.jackson.jaxrs.MapperConfigurator.getDefaultMapper(MapperConfigurator.java:70)
		at org.codehaus.jackson.jaxrs.JacksonJsonProvider.locateMapper(JacksonJsonProvider.java:649)
		at org.codehaus.jackson.jaxrs.JacksonJsonProvider.writeTo(JacksonJsonProvider.java:501)
		at org.jboss.resteasy.core.interception.AbstractWriterInterceptorContext.writeTo(AbstractWriterInterceptorContext.java:129)
		at org.jboss.resteasy.core.interception.ServerWriterInterceptorContext.writeTo(ServerWriterInterceptorContext.java:62)
		at org.jboss.resteasy.core.interception.AbstractWriterInterceptorContext.proceed(AbstractWriterInterceptorContext.java:118)
		at org.jboss.resteasy.plugins.interceptors.encoding.GZIPEncodingInterceptor.aroundWriteTo(GZIPEncodingInterceptor.java:100)
		at org.jboss.resteasy.core.interception.AbstractWriterInterceptorContext.proceed(AbstractWriterInterceptorContext.java:122)
		at org.jboss.resteasy.core.ServerResponseWriter.writeNomapResponse(ServerResponseWriter.java:99)
		at org.jboss.resteasy.core.SynchronousDispatcher.writeResponse(SynchronousDispatcher.java:427)
		at org.jboss.resteasy.core.SynchronousDispatcher.invoke(SynchronousDispatcher.java:376)
		at org.jboss.resteasy.core.SynchronousDispatcher.invoke(SynchronousDispatcher.java:179)
		at org.jboss.resteasy.plugins.server.servlet.ServletContainerDispatcher.service(ServletContainerDispatcher.java:220)
		at org.jboss.resteasy.plugins.server.servlet.HttpServletDispatcher.service(HttpServletDispatcher.java:56)
		at org.jboss.resteasy.plugins.server.servlet.HttpServletDispatcher.service(HttpServletDispatcher.java:51)
		at javax.servlet.http.HttpServlet.service(HttpServlet.java:764)
		at org.apache.catalina.core.ApplicationFilterChain.internalDoFilter(ApplicationFilterChain.java:227)
		at org.apache.catalina.core.ApplicationFilterChain.doFilter(ApplicationFilterChain.java:162)
		at org.apache.tomcat.websocket.server.WsFilter.doFilter(WsFilter.java:53)
		at org.apache.catalina.core.ApplicationFilterChain.internalDoFilter(ApplicationFilterChain.java:189)
		at org.apache.catalina.core.ApplicationFilterChain.doFilter(ApplicationFilterChain.java:162)
		at org.apache.catalina.core.StandardWrapperValve.invoke(StandardWrapperValve.java:197)
		at org.apache.catalina.core.StandardContextValve.invoke(StandardContextValve.java:97)
		at org.apache.catalina.authenticator.AuthenticatorBase.invoke(AuthenticatorBase.java:541)
		at org.apache.catalina.core.StandardHostValve.invoke(StandardHostValve.java:135)
		at org.apache.catalina.valves.ErrorReportValve.invoke(ErrorReportValve.java:92)
		at org.apache.catalina.valves.AbstractAccessLogValve.invoke(AbstractAccessLogValve.java:687)
		at org.apache.catalina.core.StandardEngineValve.invoke(StandardEngineValve.java:78)
		at org.apache.catalina.connector.CoyoteAdapter.service(CoyoteAdapter.java:360)
		at org.apache.coyote.http11.Http11Processor.service(Http11Processor.java:399)
		at org.apache.coyote.AbstractProcessorLight.process(AbstractProcessorLight.java:65)
		at org.apache.coyote.AbstractProtocol$ConnectionHandler.process(AbstractProtocol.java:889)
		at org.apache.tomcat.util.net.NioEndpoint$SocketProcessor.doRun(NioEndpoint.java:1743)
		at org.apache.tomcat.util.net.SocketProcessorBase.run(SocketProcessorBase.java:49)
		at org.apache.tomcat.util.threads.ThreadPoolExecutor.runWorker(ThreadPoolExecutor.java:1191)
		at org.apache.tomcat.util.threads.ThreadPoolExecutor$Worker.run(ThreadPoolExecutor.java:659)
		at org.apache.tomcat.util.threads.TaskThread$WrappingRunnable.run(TaskThread.java:61)
		at java.base/java.lang.Thread.run(Thread.java:833)
05-Dec-2023 14:57:46.907 INFO [main] org.apache.catalina.core.ApplicationContext.log SessionListener: contextDestroyed()
05-Dec-2023 14:57:46.907 INFO [main] org.apache.catalina.core.ApplicationContext.log ContextListener: contextDestroyed()
05-Dec-2023 14:57:54.651 INFO [main] org.apache.catalina.core.ApplicationContext.log ContextListener: contextInitialized()
05-Dec-2023 14:57:54.651 INFO [main] org.apache.catalina.core.ApplicationContext.log SessionListener: contextInitialized()
05-Dec-2023 14:57:54.653 INFO [main] org.apache.catalina.core.ApplicationContext.log ContextListener: attributeAdded('StockTicker', 'async.Stockticker@5d1acb3a')
05-Dec-2023 14:57:55.561 SEVERE [http-nio-8080-exec-2] org.apache.catalina.core.StandardWrapperValve.invoke Servlet.service() for servlet [resteasy-servlet] in context with path [/students-server] threw exception [Servlet execution threw an exception] with root cause
	java.lang.ClassNotFoundException: javax.xml.bind.annotation.XmlElement
		at java.base/java.net.URLClassLoader.findClass(URLClassLoader.java:445)
		at java.base/java.lang.ClassLoader.loadClass(ClassLoader.java:588)
		at java.base/java.lang.ClassLoader.loadClass(ClassLoader.java:521)
		at org.codehaus.jackson.xc.JaxbAnnotationIntrospector.<init>(JaxbAnnotationIntrospector.java:80)
		at java.base/jdk.internal.reflect.DirectConstructorHandleAccessor.newInstance(DirectConstructorHandleAccessor.java:67)
		at java.base/java.lang.reflect.Constructor.newInstanceWithCaller(Constructor.java:499)
		at java.base/java.lang.reflect.ReflectAccess.newInstance(ReflectAccess.java:128)
		at java.base/jdk.internal.reflect.ReflectionFactory.newInstance(ReflectionFactory.java:341)
		at java.base/java.lang.Class.newInstance(Class.java:677)
		at org.codehaus.jackson.jaxrs.MapperConfigurator._resolveIntrospector(MapperConfigurator.java:173)
		at org.codehaus.jackson.jaxrs.MapperConfigurator._resolveIntrospectors(MapperConfigurator.java:146)
		at org.codehaus.jackson.jaxrs.MapperConfigurator._setAnnotations(MapperConfigurator.java:133)
		at org.codehaus.jackson.jaxrs.MapperConfigurator.getDefaultMapper(MapperConfigurator.java:70)
		at org.codehaus.jackson.jaxrs.JacksonJsonProvider.locateMapper(JacksonJsonProvider.java:649)
		at org.codehaus.jackson.jaxrs.JacksonJsonProvider.writeTo(JacksonJsonProvider.java:501)
		at org.jboss.resteasy.core.interception.AbstractWriterInterceptorContext.writeTo(AbstractWriterInterceptorContext.java:129)
		at org.jboss.resteasy.core.interception.ServerWriterInterceptorContext.writeTo(ServerWriterInterceptorContext.java:62)
		at org.jboss.resteasy.core.interception.AbstractWriterInterceptorContext.proceed(AbstractWriterInterceptorContext.java:118)
		at org.jboss.resteasy.plugins.interceptors.encoding.GZIPEncodingInterceptor.aroundWriteTo(GZIPEncodingInterceptor.java:100)
		at org.jboss.resteasy.core.interception.AbstractWriterInterceptorContext.proceed(AbstractWriterInterceptorContext.java:122)
		at org.jboss.resteasy.core.ServerResponseWriter.writeNomapResponse(ServerResponseWriter.java:99)
		at org.jboss.resteasy.core.SynchronousDispatcher.writeResponse(SynchronousDispatcher.java:427)
		at org.jboss.resteasy.core.SynchronousDispatcher.invoke(SynchronousDispatcher.java:376)
		at org.jboss.resteasy.core.SynchronousDispatcher.invoke(SynchronousDispatcher.java:179)
		at org.jboss.resteasy.plugins.server.servlet.ServletContainerDispatcher.service(ServletContainerDispatcher.java:220)
		at org.jboss.resteasy.plugins.server.servlet.HttpServletDispatcher.service(HttpServletDispatcher.java:56)
		at org.jboss.resteasy.plugins.server.servlet.HttpServletDispatcher.service(HttpServletDispatcher.java:51)
		at javax.servlet.http.HttpServlet.service(HttpServlet.java:764)
		at org.apache.catalina.core.ApplicationFilterChain.internalDoFilter(ApplicationFilterChain.java:227)
		at org.apache.catalina.core.ApplicationFilterChain.doFilter(ApplicationFilterChain.java:162)
		at org.apache.tomcat.websocket.server.WsFilter.doFilter(WsFilter.java:53)
		at org.apache.catalina.core.ApplicationFilterChain.internalDoFilter(ApplicationFilterChain.java:189)
		at org.apache.catalina.core.ApplicationFilterChain.doFilter(ApplicationFilterChain.java:162)
		at org.apache.catalina.core.StandardWrapperValve.invoke(StandardWrapperValve.java:197)
		at org.apache.catalina.core.StandardContextValve.invoke(StandardContextValve.java:97)
		at org.apache.catalina.authenticator.AuthenticatorBase.invoke(AuthenticatorBase.java:541)
		at org.apache.catalina.core.StandardHostValve.invoke(StandardHostValve.java:135)
		at org.apache.catalina.valves.ErrorReportValve.invoke(ErrorReportValve.java:92)
		at org.apache.catalina.valves.AbstractAccessLogValve.invoke(AbstractAccessLogValve.java:687)
		at org.apache.catalina.core.StandardEngineValve.invoke(StandardEngineValve.java:78)
		at org.apache.catalina.connector.CoyoteAdapter.service(CoyoteAdapter.java:360)
		at org.apache.coyote.http11.Http11Processor.service(Http11Processor.java:399)
		at org.apache.coyote.AbstractProcessorLight.process(AbstractProcessorLight.java:65)
		at org.apache.coyote.AbstractProtocol$ConnectionHandler.process(AbstractProtocol.java:889)
		at org.apache.tomcat.util.net.NioEndpoint$SocketProcessor.doRun(NioEndpoint.java:1743)
		at org.apache.tomcat.util.net.SocketProcessorBase.run(SocketProcessorBase.java:49)
		at org.apache.tomcat.util.threads.ThreadPoolExecutor.runWorker(ThreadPoolExecutor.java:1191)
		at org.apache.tomcat.util.threads.ThreadPoolExecutor$Worker.run(ThreadPoolExecutor.java:659)
		at org.apache.tomcat.util.threads.TaskThread$WrappingRunnable.run(TaskThread.java:61)
		at java.base/java.lang.Thread.run(Thread.java:833)
05-Dec-2023 15:01:57.101 SEVERE [http-nio-8080-exec-4] org.apache.catalina.core.StandardWrapperValve.invoke Servlet.service() for servlet [resteasy-servlet] in context with path [/students-server] threw exception [Servlet execution threw an exception] with root cause
	java.lang.ClassNotFoundException: javax.xml.bind.annotation.XmlElement
		at org.codehaus.jackson.xc.JaxbAnnotationIntrospector.<init>(JaxbAnnotationIntrospector.java:80)
		at java.base/jdk.internal.reflect.DirectConstructorHandleAccessor.newInstance(DirectConstructorHandleAccessor.java:67)
		at java.base/java.lang.reflect.Constructor.newInstanceWithCaller(Constructor.java:499)
		at java.base/java.lang.reflect.ReflectAccess.newInstance(ReflectAccess.java:128)
		at java.base/jdk.internal.reflect.ReflectionFactory.newInstance(ReflectionFactory.java:341)
		at java.base/java.lang.Class.newInstance(Class.java:677)
		at org.codehaus.jackson.jaxrs.MapperConfigurator._resolveIntrospector(MapperConfigurator.java:173)
		at org.codehaus.jackson.jaxrs.MapperConfigurator._resolveIntrospectors(MapperConfigurator.java:146)
		at org.codehaus.jackson.jaxrs.MapperConfigurator._setAnnotations(MapperConfigurator.java:133)
		at org.codehaus.jackson.jaxrs.MapperConfigurator.getDefaultMapper(MapperConfigurator.java:70)
		at org.codehaus.jackson.jaxrs.JacksonJsonProvider.locateMapper(JacksonJsonProvider.java:649)
		at org.codehaus.jackson.jaxrs.JacksonJsonProvider.writeTo(JacksonJsonProvider.java:501)
		at org.jboss.resteasy.core.interception.AbstractWriterInterceptorContext.writeTo(AbstractWriterInterceptorContext.java:129)
		at org.jboss.resteasy.core.interception.ServerWriterInterceptorContext.writeTo(ServerWriterInterceptorContext.java:62)
		at org.jboss.resteasy.core.interception.AbstractWriterInterceptorContext.proceed(AbstractWriterInterceptorContext.java:118)
		at org.jboss.resteasy.plugins.interceptors.encoding.GZIPEncodingInterceptor.aroundWriteTo(GZIPEncodingInterceptor.java:100)
		at org.jboss.resteasy.core.interception.AbstractWriterInterceptorContext.proceed(AbstractWriterInterceptorContext.java:122)
		at org.jboss.resteasy.core.ServerResponseWriter.writeNomapResponse(ServerResponseWriter.java:99)
		at org.jboss.resteasy.core.SynchronousDispatcher.writeResponse(SynchronousDispatcher.java:427)
		at org.jboss.resteasy.core.SynchronousDispatcher.invoke(SynchronousDispatcher.java:376)
		at org.jboss.resteasy.core.SynchronousDispatcher.invoke(SynchronousDispatcher.java:179)
		at org.jboss.resteasy.plugins.server.servlet.ServletContainerDispatcher.service(ServletContainerDispatcher.java:220)
		at org.jboss.resteasy.plugins.server.servlet.HttpServletDispatcher.service(HttpServletDispatcher.java:56)
		at org.jboss.resteasy.plugins.server.servlet.HttpServletDispatcher.service(HttpServletDispatcher.java:51)
		at javax.servlet.http.HttpServlet.service(HttpServlet.java:764)
		at org.apache.catalina.core.ApplicationFilterChain.internalDoFilter(ApplicationFilterChain.java:227)
		at org.apache.catalina.core.ApplicationFilterChain.doFilter(ApplicationFilterChain.java:162)
		at org.apache.tomcat.websocket.server.WsFilter.doFilter(WsFilter.java:53)
		at org.apache.catalina.core.ApplicationFilterChain.internalDoFilter(ApplicationFilterChain.java:189)
		at org.apache.catalina.core.ApplicationFilterChain.doFilter(ApplicationFilterChain.java:162)
		at org.apache.catalina.core.StandardWrapperValve.invoke(StandardWrapperValve.java:197)
		at org.apache.catalina.core.StandardContextValve.invoke(StandardContextValve.java:97)
		at org.apache.catalina.authenticator.AuthenticatorBase.invoke(AuthenticatorBase.java:541)
		at org.apache.catalina.core.StandardHostValve.invoke(StandardHostValve.java:135)
		at org.apache.catalina.valves.ErrorReportValve.invoke(ErrorReportValve.java:92)
		at org.apache.catalina.valves.AbstractAccessLogValve.invoke(AbstractAccessLogValve.java:687)
		at org.apache.catalina.core.StandardEngineValve.invoke(StandardEngineValve.java:78)
		at org.apache.catalina.connector.CoyoteAdapter.service(CoyoteAdapter.java:360)
		at org.apache.coyote.http11.Http11Processor.service(Http11Processor.java:399)
		at org.apache.coyote.AbstractProcessorLight.process(AbstractProcessorLight.java:65)
		at org.apache.coyote.AbstractProtocol$ConnectionHandler.process(AbstractProtocol.java:889)
		at org.apache.tomcat.util.net.NioEndpoint$SocketProcessor.doRun(NioEndpoint.java:1743)
		at org.apache.tomcat.util.net.SocketProcessorBase.run(SocketProcessorBase.java:49)
		at org.apache.tomcat.util.threads.ThreadPoolExecutor.runWorker(ThreadPoolExecutor.java:1191)
		at org.apache.tomcat.util.threads.ThreadPoolExecutor$Worker.run(ThreadPoolExecutor.java:659)
		at org.apache.tomcat.util.threads.TaskThread$WrappingRunnable.run(TaskThread.java:61)
		at java.base/java.lang.Thread.run(Thread.java:833)
05-Dec-2023 15:21:05.484 SEVERE [http-nio-8080-exec-27] org.apache.catalina.core.StandardWrapperValve.invoke Servlet.service() for servlet [resteasy-servlet] in context with path [/students-server] threw exception [Servlet execution threw an exception] with root cause
	java.lang.ClassNotFoundException: javax.xml.bind.annotation.XmlElement
		at org.codehaus.jackson.xc.JaxbAnnotationIntrospector.<init>(JaxbAnnotationIntrospector.java:80)
		at java.base/jdk.internal.reflect.DirectConstructorHandleAccessor.newInstance(DirectConstructorHandleAccessor.java:67)
		at java.base/java.lang.reflect.Constructor.newInstanceWithCaller(Constructor.java:499)
		at java.base/java.lang.reflect.ReflectAccess.newInstance(ReflectAccess.java:128)
		at java.base/jdk.internal.reflect.ReflectionFactory.newInstance(ReflectionFactory.java:341)
		at java.base/java.lang.Class.newInstance(Class.java:677)
		at org.codehaus.jackson.jaxrs.MapperConfigurator._resolveIntrospector(MapperConfigurator.java:173)
		at org.codehaus.jackson.jaxrs.MapperConfigurator._resolveIntrospectors(MapperConfigurator.java:146)
		at org.codehaus.jackson.jaxrs.MapperConfigurator._setAnnotations(MapperConfigurator.java:133)
		at org.codehaus.jackson.jaxrs.MapperConfigurator.getDefaultMapper(MapperConfigurator.java:70)
		at org.codehaus.jackson.jaxrs.JacksonJsonProvider.locateMapper(JacksonJsonProvider.java:649)
		at org.codehaus.jackson.jaxrs.JacksonJsonProvider.writeTo(JacksonJsonProvider.java:501)
		at org.jboss.resteasy.core.interception.AbstractWriterInterceptorContext.writeTo(AbstractWriterInterceptorContext.java:129)
		at org.jboss.resteasy.core.interception.ServerWriterInterceptorContext.writeTo(ServerWriterInterceptorContext.java:62)
		at org.jboss.resteasy.core.interception.AbstractWriterInterceptorContext.proceed(AbstractWriterInterceptorContext.java:118)
		at org.jboss.resteasy.plugins.interceptors.encoding.GZIPEncodingInterceptor.aroundWriteTo(GZIPEncodingInterceptor.java:100)
		at org.jboss.resteasy.core.interception.AbstractWriterInterceptorContext.proceed(AbstractWriterInterceptorContext.java:122)
		at org.jboss.resteasy.core.ServerResponseWriter.writeNomapResponse(ServerResponseWriter.java:99)
		at org.jboss.resteasy.core.SynchronousDispatcher.writeResponse(SynchronousDispatcher.java:427)
		at org.jboss.resteasy.core.SynchronousDispatcher.invoke(SynchronousDispatcher.java:376)
		at org.jboss.resteasy.core.SynchronousDispatcher.invoke(SynchronousDispatcher.java:179)
		at org.jboss.resteasy.plugins.server.servlet.ServletContainerDispatcher.service(ServletContainerDispatcher.java:220)
		at org.jboss.resteasy.plugins.server.servlet.HttpServletDispatcher.service(HttpServletDispatcher.java:56)
		at org.jboss.resteasy.plugins.server.servlet.HttpServletDispatcher.service(HttpServletDispatcher.java:51)
		at javax.servlet.http.HttpServlet.service(HttpServlet.java:764)
		at org.apache.catalina.core.ApplicationFilterChain.internalDoFilter(ApplicationFilterChain.java:227)
		at org.apache.catalina.core.ApplicationFilterChain.doFilter(ApplicationFilterChain.java:162)
		at org.apache.tomcat.websocket.server.WsFilter.doFilter(WsFilter.java:53)
		at org.apache.catalina.core.ApplicationFilterChain.internalDoFilter(ApplicationFilterChain.java:189)
		at org.apache.catalina.core.ApplicationFilterChain.doFilter(ApplicationFilterChain.java:162)
		at org.apache.catalina.core.StandardWrapperValve.invoke(StandardWrapperValve.java:197)
		at org.apache.catalina.core.StandardContextValve.invoke(StandardContextValve.java:97)
		at org.apache.catalina.authenticator.AuthenticatorBase.invoke(AuthenticatorBase.java:541)
		at org.apache.catalina.core.StandardHostValve.invoke(StandardHostValve.java:135)
		at org.apache.catalina.valves.ErrorReportValve.invoke(ErrorReportValve.java:92)
		at org.apache.catalina.valves.AbstractAccessLogValve.invoke(AbstractAccessLogValve.java:687)
		at org.apache.catalina.core.StandardEngineValve.invoke(StandardEngineValve.java:78)
		at org.apache.catalina.connector.CoyoteAdapter.service(CoyoteAdapter.java:360)
		at org.apache.coyote.http11.Http11Processor.service(Http11Processor.java:399)
		at org.apache.coyote.AbstractProcessorLight.process(AbstractProcessorLight.java:65)
		at org.apache.coyote.AbstractProtocol$ConnectionHandler.process(AbstractProtocol.java:889)
		at org.apache.tomcat.util.net.NioEndpoint$SocketProcessor.doRun(NioEndpoint.java:1743)
		at org.apache.tomcat.util.net.SocketProcessorBase.run(SocketProcessorBase.java:49)
		at org.apache.tomcat.util.threads.ThreadPoolExecutor.runWorker(ThreadPoolExecutor.java:1191)
		at org.apache.tomcat.util.threads.ThreadPoolExecutor$Worker.run(ThreadPoolExecutor.java:659)
		at org.apache.tomcat.util.threads.TaskThread$WrappingRunnable.run(TaskThread.java:61)
		at java.base/java.lang.Thread.run(Thread.java:833)
05-Dec-2023 16:15:01.437 INFO [main] org.apache.catalina.core.ApplicationContext.log SessionListener: contextDestroyed()
05-Dec-2023 16:15:01.437 INFO [main] org.apache.catalina.core.ApplicationContext.log ContextListener: contextDestroyed()
